mode: set
github.com/tina-kuo/bookings/internal/render/render.go:22.40,24.2 1 1
github.com/tina-kuo/bookings/internal/render/render.go:26.84,32.2 5 1
github.com/tina-kuo/bookings/internal/render/render.go:35.105,37.18 2 1
github.com/tina-kuo/bookings/internal/render/render.go:37.18,40.3 1 0
github.com/tina-kuo/bookings/internal/render/render.go:40.8,42.3 1 1
github.com/tina-kuo/bookings/internal/render/render.go:44.2,45.9 2 1
github.com/tina-kuo/bookings/internal/render/render.go:45.9,48.3 1 1
github.com/tina-kuo/bookings/internal/render/render.go:50.2,57.16 5 1
github.com/tina-kuo/bookings/internal/render/render.go:57.16,60.3 2 0
github.com/tina-kuo/bookings/internal/render/render.go:62.2,62.12 1 1
github.com/tina-kuo/bookings/internal/render/render.go:67.67,72.16 3 1
github.com/tina-kuo/bookings/internal/render/render.go:72.16,74.3 1 0
github.com/tina-kuo/bookings/internal/render/render.go:76.2,76.29 1 1
github.com/tina-kuo/bookings/internal/render/render.go:76.29,79.17 3 1
github.com/tina-kuo/bookings/internal/render/render.go:79.17,81.4 1 0
github.com/tina-kuo/bookings/internal/render/render.go:83.3,84.17 2 1
github.com/tina-kuo/bookings/internal/render/render.go:84.17,86.4 1 0
github.com/tina-kuo/bookings/internal/render/render.go:88.3,88.23 1 1
github.com/tina-kuo/bookings/internal/render/render.go:88.23,90.18 2 1
github.com/tina-kuo/bookings/internal/render/render.go:90.18,92.5 1 0
github.com/tina-kuo/bookings/internal/render/render.go:95.3,95.21 1 1
github.com/tina-kuo/bookings/internal/render/render.go:98.2,98.21 1 1
